Determining if the pthread_create exist failed with the following output:
Change Dir: /home/ivan/roverROS/build-src-Desktop-Default/CMakeFiles/CMakeTmp

Run Build Command:/usr/bin/make "cmTryCompileExec1654231959/fast"
/usr/bin/make -f CMakeFiles/cmTryCompileExec1654231959.dir/build.make CMakeFiles/cmTryCompileExec1654231959.dir/build
make[1]: Entering directory `/home/ivan/roverROS/build-src-Desktop-Default/CMakeFiles/CMakeTmp'
/usr/bin/cmake -E cmake_progress_report /home/ivan/roverROS/build-src-Desktop-Default/CMakeFiles/CMakeTmp/CMakeFiles 1
Building C object CMakeFiles/cmTryCompileExec1654231959.dir/CheckSymbolExists.c.o
/usr/bin/cc    -o CMakeFiles/cmTryCompileExec1654231959.dir/CheckSymbolExists.c.o   -c /home/ivan/roverROS/build-src-Desktop-Default/CMakeFiles/CMakeTmp/CheckSymbolExists.c
Linking C executable cmTryCompileExec1654231959
/usr/bin/cmake -E cmake_link_script CMakeFiles/cmTryCompileExec1654231959.dir/link.txt --verbose=1
/usr/bin/cc       CMakeFiles/cmTryCompileExec1654231959.dir/CheckSymbolExists.c.o  -o cmTryCompileExec1654231959 -rdynamic 
CMakeFiles/cmTryCompileExec1654231959.dir/CheckSymbolExists.c.o: In function `main':
CheckSymbolExists.c:(.text+0x16): undefined reference to `pthread_create'
collect2: error: ld returned 1 exit status
make[1]: *** [cmTryCompileExec1654231959] Error 1
make[1]: Leaving directory `/home/ivan/roverROS/build-src-Desktop-Default/CMakeFiles/CMakeTmp'
make: *** [cmTryCompileExec1654231959/fast] Error 2

File /home/ivan/roverROS/build-src-Desktop-Default/CMakeFiles/CMakeTmp/CheckSymbolExists.c:
/* */
#include <pthread.h>

int main(int argc, char** argv)
{
  (void)argv;
#ifndef pthread_create
  return ((int*)(&pthread_create))[argc];
#else
  (void)argc;
  return 0;
#endif
}

Determining if the function pthread_create exists in the pthreads failed with the following output:
Change Dir: /home/ivan/roverROS/build-src-Desktop-Default/CMakeFiles/CMakeTmp

Run Build Command:/usr/bin/make "cmTryCompileExec1720771280/fast"
/usr/bin/make -f CMakeFiles/cmTryCompileExec1720771280.dir/build.make CMakeFiles/cmTryCompileExec1720771280.dir/build
make[1]: Entering directory `/home/ivan/roverROS/build-src-Desktop-Default/CMakeFiles/CMakeTmp'
/usr/bin/cmake -E cmake_progress_report /home/ivan/roverROS/build-src-Desktop-Default/CMakeFiles/CMakeTmp/CMakeFiles 1
Building C object CMakeFiles/cmTryCompileExec1720771280.dir/CheckFunctionExists.c.o
/usr/bin/cc   -DCHECK_FUNCTION_EXISTS=pthread_create   -o CMakeFiles/cmTryCompileExec1720771280.dir/CheckFunctionExists.c.o   -c /usr/share/cmake-2.8/Modules/CheckFunctionExists.c
Linking C executable cmTryCompileExec1720771280
/usr/bin/cmake -E cmake_link_script CMakeFiles/cmTryCompileExec1720771280.dir/link.txt --verbose=1
/usr/bin/cc   -DCHECK_FUNCTION_EXISTS=pthread_create    CMakeFiles/cmTryCompileExec1720771280.dir/CheckFunctionExists.c.o  -o cmTryCompileExec1720771280 -rdynamic -lpthreads 
/usr/bin/ld: cannot find -lpthreads
collect2: error: ld returned 1 exit status
make[1]: Leaving directory `/home/ivan/roverROS/build-src-Desktop-Default/CMakeFiles/CMakeTmp'
make[1]: *** [cmTryCompileExec1720771280] Error 1
make: *** [cmTryCompileExec1720771280/fast] Error 2


